<?xml version="1.0" encoding="UTF-8"?>
<testng-results skipped="0" failed="0" ignored="0" total="1" passed="1">
  <reporter-output>
  </reporter-output>
  <suite name="orange hrm automation" duration-ms="16278" started-at="2019-09-04T07:54:07Z" finished-at="2019-09-04T07:54:23Z">
    <groups>
    </groups>
    <test name="Test" duration-ms="16278" started-at="2019-09-04T07:54:07Z" finished-at="2019-09-04T07:54:23Z">
      <class name="com.hrm.testCases.TC_LoginPageTest_001">
        <test-method status="PASS" signature="setUp(java.lang.String)[pri:0, instance:com.hrm.testCases.TC_LoginPageTest_001@53b32d7]" name="setUp" is-config="true" duration-ms="11423" started-at="2019-09-04T07:54:07Z" finished-at="2019-09-04T07:54:19Z">
          <params>
            <param index="0">
              <value>
                <![CDATA[chrome]]>
              </value>
            </param>
          </params>
          <reporter-output>
          </reporter-output>
        </test-method> <!-- setUp -->
        <test-method status="PASS" signature="loginTest()[pri:0, instance:com.hrm.testCases.TC_LoginPageTest_001@53b32d7]" name="loginTest" duration-ms="3651" started-at="2019-09-04T07:54:19Z" finished-at="2019-09-04T07:54:22Z">
          <reporter-output>
          </reporter-output>
        </test-method> <!-- loginTest -->
        <test-method status="PASS" signature="tearDown()[pri:0, instance:com.hrm.testCases.TC_LoginPageTest_001@53b32d7]" name="tearDown" is-config="true" duration-ms="827" started-at="2019-09-04T07:54:22Z" finished-at="2019-09-04T07:54:23Z">
          <reporter-output>
          </reporter-output>
        </test-method> <!-- tearDown -->
      </class> <!-- com.hrm.testCases.TC_LoginPageTest_001 -->
    </test> <!-- Test -->
  </suite> <!-- orange hrm automation -->
</testng-results>
